Fri Feb  2 04:10:25 UTC 2018
setenv SUBJECTS_DIR /output/freesurfer
cd /
/opt/freesurfer/bin/mris_preproc --s sub-meditation5160_ses-M1 --target fsaverage4 --hemi rh --meas area --out /output/baracus/sub-meditation5160_ses-M1/data/rh.area.mgh

Linux 5ef5178cc85c 4.4.0-97-generic #120-Ubuntu SMP Tue Sep 19 17:28:18 UTC 2017 x86_64 x86_64 x86_64 GNU/Linux
$Id: mris_preproc,v 1.59.2.4 2012/12/06 16:06:52 mreuter Exp $
freesurfer-Linux-centos6_x86_64-stable-pub-v5.3.0
tmpdir is /output/baracus/sub-meditation5160_ses-M1/data/tmp.mris_preproc.7117
Src rh sphere.reg
Trg rh sphere.reg




---------------------------------------------------
#@# 1/1 sub-meditation5160_ses-M1 Fri Feb  2 04:10:25 UTC 2018 --------------
-----------------------
mri_surf2surf --srcsubject sub-meditation5160_ses-M1 --srchemi rh --srcsurfreg sphere.reg --trgsubject fsaverage4 --trghemi rh --trgsurfreg sphere.reg --tval /output/baracus/sub-meditation5160_ses-M1/data/tmp.mris_preproc.7117/sub-meditation5160_ses-M1.1.mgh --sval /output/freesurfer/sub-meditation5160_ses-M1/surf/rh.area --jac --sfmt curv --noreshape --no-cortex
Source registration surface changed to sphere.reg
Target registration surface changed to sphere.reg
srcsubject = sub-meditation5160_ses-M1
srcval     = /output/freesurfer/sub-meditation5160_ses-M1/surf/rh.area
srctype    = curv
trgsubject = fsaverage4
trgval     = /output/baracus/sub-meditation5160_ses-M1/data/tmp.mris_preproc.7117/sub-meditation5160_ses-M1.1.mgh
trgtype    = 
srcsurfreg = sphere.reg
trgsurfreg = sphere.reg
srchemi    = rh
trghemi    = rh
frame      = 0
fwhm-in    = 0
fwhm-out   = 0
label-src  = (null)
label-trg  = (null)
OKToRevFaceOrder  = 1
Reading source surface reg /output/freesurfer/sub-meditation5160_ses-M1/surf/rh.sphere.reg
Loading source data
Reading curvature file /output/freesurfer/sub-meditation5160_ses-M1/surf/rh.area
Reading target surface reg /output/freesurfer/fsaverage4/surf/rh.sphere.reg
Done
Mapping Source Volume onto Source Subject Surface with Jacobian Correction
surf2surf_nnfr_jac: building source hash (res=16).
Surf2SurfJac: 1st Forward Loop (2562)
Surf2SurfJac: 2nd Forward Loop (2562)
surf2surf_nnfr: building target hash (res=16).
Surf2SurfJac: Reverse Loop (126062)
Reverse Loop had 123500 hits
INFO: nSrcLost = 0
surf2surf_nnfr_jac() done
nTrg121 =     0, nTrgMulti =  2562, MnTrgMultiHits = 49.2045
nSrc121 = 126062, nSrcLost =     0, nSrcMulti =     0, MnSrcMultiHits = 0
Saving target data
Saving to /output/baracus/sub-meditation5160_ses-M1/data/tmp.mris_preproc.7117/sub-meditation5160_ses-M1.1.mgh



-----------------------
mri_concat /output/baracus/sub-meditation5160_ses-M1/data/tmp.mris_preproc.7117/sub-meditation5160_ses-M1.1.mgh --o /output/baracus/sub-meditation5160_ses-M1/data/rh.area.mgh
ninputs = 1
Checking inputs
nframestot = 1
Allocing output
Done allocing
nframes = 1
Writing to /output/baracus/sub-meditation5160_ses-M1/data/rh.area.mgh



Cleaning up
-----------------------
rm -r /output/baracus/sub-meditation5160_ses-M1/data/tmp.mris_preproc.7117
Fri Feb  2 04:10:27 UTC 2018
mris_preproc done
